<?xml version="1.0" encoding="UTF-8"?>
<!-- Generated by org.testng.reporters.JUnitReportReporter -->
<testsuite hostname="DESKTOP-6F1UH3N" failures="0" tests="1" name="tests.LoginXlTest2" time="6.600" errors="0" timestamp="2023-01-27T16:16:41 IST" skipped="0">
  <testcase classname="tests.LoginXlTest2" name="loginWithValidEmailAndPassword" time="6.600"/>
  <system-out/>
</testsuite> <!-- tests.LoginXlTest2 -->
