<?xml version="1.0" encoding="UTF-8"?>
<!-- Generated by org.testng.reporters.JUnitReportReporter -->
<testsuite hostname="DESKTOP-6F1UH3N" failures="0" tests="2" name="tests.LogGeneration2" time="21.441" errors="0" timestamp="2023-01-27T16:19:49 IST" skipped="0">
  <testcase classname="tests.LogGeneration2" name="loginGen2" time="15.377"/>
  <system-out/>
  <testcase classname="tests.LogGeneration2" name="loginGen2" time="6.064"/>
  <system-out/>
</testsuite> <!-- tests.LogGeneration2 -->
