<?xml version="1.0" encoding="UTF-8"?>
<!-- Generated by org.testng.reporters.JUnitReportReporter -->
<testsuite hostname="DESKTOP-6F1UH3N" failures="0" tests="2" name="tests.LogGeneration2" time="23.729" errors="0" timestamp="2023-01-22T17:59:27 IST" skipped="0">
  <testcase classname="tests.LogGeneration2" name="loginGen2" time="8.337"/>
  <system-out/>
  <testcase classname="tests.LogGeneration2" name="loginGen2" time="15.392"/>
  <system-out/>
</testsuite> <!-- tests.LogGeneration2 -->
