<?xml version="1.0" encoding="UTF-8"?>
<!-- Generated by org.testng.reporters.JUnitReportReporter -->
<testsuite hostname="DESKTOP-6F1UH3N" failures="0" tests="1" name="tests.RegistrationTest" time="6.558" errors="0" timestamp="2023-01-27T16:28:50 IST" skipped="0">
  <testcase classname="tests.RegistrationTest" name="registrationWithValidCrediential" time="6.558"/>
  <system-out/>
</testsuite> <!-- tests.RegistrationTest -->
