<?xml version="1.0" encoding="UTF-8"?>
<!-- Generated by org.testng.reporters.JUnitReportReporter -->
<testsuite hostname="DESKTOP-6F1UH3N" failures="0" tests="2" name="tests.ExampleDataProvider" time="19.998" errors="0" timestamp="2023-01-22T17:59:27 IST" skipped="0">
  <testcase classname="tests.ExampleDataProvider" name="loginData" time="4.598"/>
  <system-out/>
  <testcase classname="tests.ExampleDataProvider" name="loginData" time="15.400"/>
  <system-out/>
</testsuite> <!-- tests.ExampleDataProvider -->
