<?xml version="1.0" encoding="UTF-8"?>
<!-- Generated by org.testng.reporters.JUnitReportReporter -->
<testsuite hostname="DESKTOP-6F1UH3N" failures="0" tests="1" name="tests.LogGeneration" time="1.498" errors="0" timestamp="2023-01-27T16:19:49 IST" skipped="0">
  <testcase classname="tests.LogGeneration" name="loginGen" time="1.498"/>
  <system-out/>
</testsuite> <!-- tests.LogGeneration -->
