<?xml version="1.0" encoding="UTF-8"?>
<!-- Generated by org.testng.reporters.JUnitReportReporter -->
<testsuite hostname="DESKTOP-6F1UH3N" failures="0" tests="2" name="tests.ExampleDataProvider" time="18.130" errors="0" timestamp="2023-01-27T16:19:49 IST" skipped="0">
  <testcase classname="tests.ExampleDataProvider" name="loginData" time="13.994"/>
  <system-out/>
  <testcase classname="tests.ExampleDataProvider" name="loginData" time="4.136"/>
  <system-out/>
</testsuite> <!-- tests.ExampleDataProvider -->
